[2023-05-30T09:34:35.341+0000] {taskinstance.py:1103} INFO - Dependencies all met for dep_context=non-requeueable deps ti=<TaskInstance: birthday_email_dag.send_birthday_emails scheduled__2023-05-27T00:00:00+00:00 [queued]>
[2023-05-30T09:34:35.373+0000] {taskinstance.py:1103} INFO - Dependencies all met for dep_context=requeueable deps ti=<TaskInstance: birthday_email_dag.send_birthday_emails scheduled__2023-05-27T00:00:00+00:00 [queued]>
[2023-05-30T09:34:35.373+0000] {taskinstance.py:1308} INFO - Starting attempt 1 of 1
[2023-05-30T09:34:35.460+0000] {taskinstance.py:1327} INFO - Executing <Task(PythonOperator): send_birthday_emails> on 2023-05-27 00:00:00+00:00
[2023-05-30T09:34:35.471+0000] {standard_task_runner.py:57} INFO - Started process 226 to run task
[2023-05-30T09:34:35.495+0000] {standard_task_runner.py:84} INFO - Running: ['airflow', 'tasks', 'run', 'birthday_email_dag', 'send_birthday_emails', 'scheduled__2023-05-27T00:00:00+00:00', '--job-id', '157', '--raw', '--subdir', 'DAGS_FOLDER/birthday_dag.py', '--cfg-path', '/tmp/tmprpx7qbo9']
[2023-05-30T09:34:35.500+0000] {standard_task_runner.py:85} INFO - Job 157: Subtask send_birthday_emails
[2023-05-30T09:34:35.879+0000] {task_command.py:410} INFO - Running <TaskInstance: birthday_email_dag.send_birthday_emails scheduled__2023-05-27T00:00:00+00:00 [running]> on host 5127c1aa2633
[2023-05-30T09:34:36.755+0000] {taskinstance.py:1547} INFO - Exporting env vars: AIRFLOW_CTX_DAG_OWNER='airflow' AIRFLOW_CTX_DAG_ID='birthday_email_dag' AIRFLOW_CTX_TASK_ID='send_birthday_emails' AIRFLOW_CTX_EXECUTION_DATE='2023-05-27T00:00:00+00:00' AIRFLOW_CTX_TRY_NUMBER='1' AIRFLOW_CTX_DAG_RUN_ID='scheduled__2023-05-27T00:00:00+00:00'
[2023-05-30T09:34:36.757+0000] {sql.py:262} INFO - Executing: SELECT employee_email FROM employee WHERE DATE_FORMAT(employee_date_of_birth, '%m-%d') = DATE_FORMAT(NOW(), '%m-%d')
[2023-05-30T09:34:36.816+0000] {base.py:73} INFO - Using connection ID 'hrms' for task execution.
[2023-05-30T09:34:37.582+0000] {base.py:73} INFO - Using connection ID 'hrms' for task execution.
[2023-05-30T09:34:37.597+0000] {sql.py:375} INFO - Running statement: SELECT employee_email FROM employee WHERE DATE_FORMAT(employee_date_of_birth, '%m-%d') = DATE_FORMAT(NOW(), '%m-%d'), parameters: None
[2023-05-30T09:34:37.617+0000] {sql.py:384} INFO - Rows affected: 1
[2023-05-30T09:34:41.831+0000] {python.py:183} INFO - Done. Returned value was: None
[2023-05-30T09:34:41.875+0000] {taskinstance.py:1350} INFO - Marking task as SUCCESS. dag_id=birthday_email_dag, task_id=send_birthday_emails, execution_date=20230527T000000, start_date=20230530T093435, end_date=20230530T093441
[2023-05-30T09:34:42.021+0000] {local_task_job_runner.py:225} INFO - Task exited with return code 0
[2023-05-30T09:34:42.096+0000] {taskinstance.py:2651} INFO - 0 downstream tasks scheduled from follow-on schedule check
[2023-05-30T13:51:49.940+0000] {taskinstance.py:1103} INFO - Dependencies all met for dep_context=non-requeueable deps ti=<TaskInstance: birthday_email_dag.send_birthday_emails scheduled__2023-05-27T00:00:00+00:00 [queued]>
[2023-05-30T13:51:49.978+0000] {taskinstance.py:1103} INFO - Dependencies all met for dep_context=requeueable deps ti=<TaskInstance: birthday_email_dag.send_birthday_emails scheduled__2023-05-27T00:00:00+00:00 [queued]>
[2023-05-30T13:51:49.979+0000] {taskinstance.py:1308} INFO - Starting attempt 1 of 1
[2023-05-30T13:51:50.027+0000] {taskinstance.py:1327} INFO - Executing <Task(PythonOperator): send_birthday_emails> on 2023-05-27 00:00:00+00:00
[2023-05-30T13:51:50.039+0000] {standard_task_runner.py:57} INFO - Started process 233 to run task
[2023-05-30T13:51:50.045+0000] {standard_task_runner.py:84} INFO - Running: ['airflow', 'tasks', 'run', 'birthday_email_dag', 'send_birthday_emails', 'scheduled__2023-05-27T00:00:00+00:00', '--job-id', '191', '--raw', '--subdir', 'DAGS_FOLDER/birthday_dag.py', '--cfg-path', '/tmp/tmpjjf0wzvm']
[2023-05-30T13:51:50.048+0000] {standard_task_runner.py:85} INFO - Job 191: Subtask send_birthday_emails
[2023-05-30T13:51:50.218+0000] {task_command.py:410} INFO - Running <TaskInstance: birthday_email_dag.send_birthday_emails scheduled__2023-05-27T00:00:00+00:00 [running]> on host 8b3cbb1b106a
[2023-05-30T13:51:50.632+0000] {taskinstance.py:1547} INFO - Exporting env vars: AIRFLOW_CTX_DAG_OWNER='airflow' AIRFLOW_CTX_DAG_ID='birthday_email_dag' AIRFLOW_CTX_TASK_ID='send_birthday_emails' AIRFLOW_CTX_EXECUTION_DATE='2023-05-27T00:00:00+00:00' AIRFLOW_CTX_TRY_NUMBER='1' AIRFLOW_CTX_DAG_RUN_ID='scheduled__2023-05-27T00:00:00+00:00'
[2023-05-30T13:51:50.641+0000] {sql.py:262} INFO - Executing: SELECT employee_email, employee_name FROM employee WHERE DATE_FORMAT(employee_date_of_birth, '%m-%d') = DATE_FORMAT(NOW(), '%m-%d')
[2023-05-30T13:51:50.725+0000] {base.py:73} INFO - Using connection ID 'hrms' for task execution.
[2023-05-30T13:51:51.147+0000] {base.py:73} INFO - Using connection ID 'hrms' for task execution.
[2023-05-30T13:51:51.172+0000] {sql.py:375} INFO - Running statement: SELECT employee_email, employee_name FROM employee WHERE DATE_FORMAT(employee_date_of_birth, '%m-%d') = DATE_FORMAT(NOW(), '%m-%d'), parameters: None
[2023-05-30T13:51:51.188+0000] {sql.py:384} INFO - Rows affected: 2
[2023-05-30T13:51:51.199+0000] {taskinstance.py:1824} ERROR - Task failed with exception
Traceback (most recent call last):
  File "/home/airflow/.local/lib/python3.7/site-packages/airflow/operators/python.py", line 181, in execute
    return_value = self.execute_callable()
  File "/home/airflow/.local/lib/python3.7/site-packages/airflow/operators/python.py", line 198, in execute_callable
    return self.python_callable(*self.op_args, **self.op_kwargs)
  File "/opt/airflow/dags/birthday_dag.py", line 40, in send_birthday_emails
    with open('/usr/local/airflow/dags/Birthday_template.html', 'r') as template_file:
FileNotFoundError: [Errno 2] No such file or directory: '/usr/local/airflow/dags/Birthday_template.html'
[2023-05-30T13:51:51.242+0000] {taskinstance.py:1350} INFO - Marking task as FAILED. dag_id=birthday_email_dag, task_id=send_birthday_emails, execution_date=20230527T000000, start_date=20230530T135149, end_date=20230530T135151
[2023-05-30T13:51:51.276+0000] {standard_task_runner.py:109} ERROR - Failed to execute job 191 for task send_birthday_emails ([Errno 2] No such file or directory: '/usr/local/airflow/dags/Birthday_template.html'; 233)
[2023-05-30T13:51:51.322+0000] {local_task_job_runner.py:225} INFO - Task exited with return code 1
[2023-05-30T13:51:51.384+0000] {taskinstance.py:2651} INFO - 0 downstream tasks scheduled from follow-on schedule check
