[2023-05-31T03:32:12.055+0000] {taskinstance.py:1103} INFO - Dependencies all met for dep_context=non-requeueable deps ti=<TaskInstance: birthday_email_dag.send_birthday_emails scheduled__2023-05-30T00:00:00+00:00 [queued]>
[2023-05-31T03:32:12.078+0000] {taskinstance.py:1103} INFO - Dependencies all met for dep_context=requeueable deps ti=<TaskInstance: birthday_email_dag.send_birthday_emails scheduled__2023-05-30T00:00:00+00:00 [queued]>
[2023-05-31T03:32:12.079+0000] {taskinstance.py:1308} INFO - Starting attempt 5 of 5
[2023-05-31T03:32:12.147+0000] {taskinstance.py:1327} INFO - Executing <Task(PythonOperator): send_birthday_emails> on 2023-05-30 00:00:00+00:00
[2023-05-31T03:32:12.154+0000] {standard_task_runner.py:57} INFO - Started process 1895 to run task
[2023-05-31T03:32:12.161+0000] {standard_task_runner.py:84} INFO - Running: ['airflow', 'tasks', 'run', 'birthday_email_dag', 'send_birthday_emails', 'scheduled__2023-05-30T00:00:00+00:00', '--job-id', '235', '--raw', '--subdir', 'DAGS_FOLDER/birthday_dag.py', '--cfg-path', '/tmp/tmpq8wh5zxf']
[2023-05-31T03:32:12.164+0000] {standard_task_runner.py:85} INFO - Job 235: Subtask send_birthday_emails
[2023-05-31T03:32:12.360+0000] {task_command.py:410} INFO - Running <TaskInstance: birthday_email_dag.send_birthday_emails scheduled__2023-05-30T00:00:00+00:00 [running]> on host ce3f9f28322a
[2023-05-31T03:32:12.791+0000] {taskinstance.py:1547} INFO - Exporting env vars: AIRFLOW_CTX_DAG_OWNER='airflow' AIRFLOW_CTX_DAG_ID='birthday_email_dag' AIRFLOW_CTX_TASK_ID='send_birthday_emails' AIRFLOW_CTX_EXECUTION_DATE='2023-05-30T00:00:00+00:00' AIRFLOW_CTX_TRY_NUMBER='5' AIRFLOW_CTX_DAG_RUN_ID='scheduled__2023-05-30T00:00:00+00:00'
[2023-05-31T03:32:12.796+0000] {sql.py:262} INFO - Executing: SELECT employee_email, employee_name FROM employee WHERE DATE_FORMAT(employee_date_of_birth, '%m-%d') = DATE_FORMAT(NOW(), '%m-%d')
[2023-05-31T03:32:12.874+0000] {base.py:73} INFO - Using connection ID 'hrms' for task execution.
[2023-05-31T03:32:17.480+0000] {base.py:73} INFO - Using connection ID 'hrms' for task execution.
[2023-05-31T03:32:17.789+0000] {sql.py:375} INFO - Running statement: SELECT employee_email, employee_name FROM employee WHERE DATE_FORMAT(employee_date_of_birth, '%m-%d') = DATE_FORMAT(NOW(), '%m-%d'), parameters: None
[2023-05-31T03:32:17.897+0000] {sql.py:384} INFO - Rows affected: 4
[2023-05-31T03:32:17.915+0000] {taskinstance.py:1824} ERROR - Task failed with exception
Traceback (most recent call last):
  File "/home/airflow/.local/lib/python3.7/site-packages/airflow/operators/python.py", line 181, in execute
    return_value = self.execute_callable()
  File "/home/airflow/.local/lib/python3.7/site-packages/airflow/operators/python.py", line 198, in execute_callable
    return self.python_callable(*self.op_args, **self.op_kwargs)
  File "/opt/airflow/dags/birthday_dag.py", line 63, in send_birthday_emails
    """.format(image_data=image_data, employee_name=employee_name)
KeyError: 'image_path'
[2023-05-31T03:32:18.018+0000] {taskinstance.py:1350} INFO - Marking task as FAILED. dag_id=birthday_email_dag, task_id=send_birthday_emails, execution_date=20230530T000000, start_date=20230531T033212, end_date=20230531T033218
[2023-05-31T03:32:18.337+0000] {standard_task_runner.py:109} ERROR - Failed to execute job 235 for task send_birthday_emails ('image_path'; 1895)
[2023-05-31T03:32:18.372+0000] {local_task_job_runner.py:225} INFO - Task exited with return code 1
[2023-05-31T03:32:18.631+0000] {taskinstance.py:2651} INFO - 0 downstream tasks scheduled from follow-on schedule check
