[2023-05-30T04:08:55.390+0000] {taskinstance.py:1103} INFO - Dependencies all met for dep_context=non-requeueable deps ti=<TaskInstance: first_dag.send_email manual__2023-05-30T04:07:48.882461+00:00 [queued]>
[2023-05-30T04:08:55.403+0000] {taskinstance.py:1103} INFO - Dependencies all met for dep_context=requeueable deps ti=<TaskInstance: first_dag.send_email manual__2023-05-30T04:07:48.882461+00:00 [queued]>
[2023-05-30T04:08:55.404+0000] {taskinstance.py:1308} INFO - Starting attempt 2 of 2
[2023-05-30T04:08:55.432+0000] {taskinstance.py:1327} INFO - Executing <Task(EmailOperator): send_email> on 2023-05-30 04:07:48.882461+00:00
[2023-05-30T04:08:55.440+0000] {standard_task_runner.py:57} INFO - Started process 259 to run task
[2023-05-30T04:08:55.447+0000] {standard_task_runner.py:84} INFO - Running: ['airflow', 'tasks', 'run', 'first_dag', 'send_email', 'manual__2023-05-30T04:07:48.882461+00:00', '--job-id', '78', '--raw', '--subdir', 'DAGS_FOLDER/smtp_test.py', '--cfg-path', '/tmp/tmpkxp2bwjd']
[2023-05-30T04:08:55.449+0000] {standard_task_runner.py:85} INFO - Job 78: Subtask send_email
[2023-05-30T04:08:55.524+0000] {task_command.py:410} INFO - Running <TaskInstance: first_dag.send_email manual__2023-05-30T04:07:48.882461+00:00 [running]> on host 2c7166223416
[2023-05-30T04:08:55.674+0000] {taskinstance.py:1547} INFO - Exporting env vars: AIRFLOW_CTX_DAG_EMAIL='shahsoumil519@gmail.com' AIRFLOW_CTX_DAG_OWNER='airflow' AIRFLOW_CTX_DAG_ID='first_dag' AIRFLOW_CTX_TASK_ID='send_email' AIRFLOW_CTX_EXECUTION_DATE='2023-05-30T04:07:48.882461+00:00' AIRFLOW_CTX_TRY_NUMBER='2' AIRFLOW_CTX_DAG_RUN_ID='manual__2023-05-30T04:07:48.882461+00:00'
[2023-05-30T04:08:55.701+0000] {logging_mixin.py:149} WARNING - /home/airflow/.local/lib/python3.7/site-packages/airflow/utils/email.py:152 RemovedInAirflow3Warning: Fetching SMTP credentials from configuration variables will be deprecated in a future release. Please set credentials using a connection instead.
[2023-05-30T04:08:55.701+0000] {configuration.py:676} WARNING - section/key [smtp/smtp_user] not found in config
[2023-05-30T04:08:55.701+0000] {email.py:268} INFO - Email alerting: attempt 1
[2023-05-30T04:08:55.702+0000] {taskinstance.py:1824} ERROR - Task failed with exception
Traceback (most recent call last):
  File "/home/airflow/.local/lib/python3.7/site-packages/airflow/operators/email.py", line 87, in execute
    custom_headers=self.custom_headers,
  File "/home/airflow/.local/lib/python3.7/site-packages/airflow/utils/email.py", line 91, in send_email
    **kwargs,
  File "/home/airflow/.local/lib/python3.7/site-packages/airflow/utils/email.py", line 152, in send_email_smtp
    send_mime_email(e_from=mail_from, e_to=recipients, mime_msg=msg, conn_id=conn_id, dryrun=dryrun)
  File "/home/airflow/.local/lib/python3.7/site-packages/airflow/utils/email.py", line 270, in send_mime_email
    smtp_conn = _get_smtp_connection(smtp_host, smtp_port, smtp_timeout, smtp_ssl)
  File "/home/airflow/.local/lib/python3.7/site-packages/airflow/utils/email.py", line 317, in _get_smtp_connection
    else smtplib.SMTP(host=host, port=port, timeout=timeout)
  File "/usr/local/lib/python3.7/smtplib.py", line 251, in __init__
    (code, msg) = self.connect(host, port)
  File "/usr/local/lib/python3.7/smtplib.py", line 336, in connect
    self.sock = self._get_socket(host, port, self.timeout)
  File "/usr/local/lib/python3.7/smtplib.py", line 307, in _get_socket
    self.source_address)
  File "/usr/local/lib/python3.7/socket.py", line 728, in create_connection
    raise err
  File "/usr/local/lib/python3.7/socket.py", line 716, in create_connection
    sock.connect(sa)
OSError: [Errno 99] Cannot assign requested address
[2023-05-30T04:08:55.714+0000] {taskinstance.py:1350} INFO - Marking task as FAILED. dag_id=first_dag, task_id=send_email, execution_date=20230530T040748, start_date=20230530T040855, end_date=20230530T040855
[2023-05-30T04:08:55.714+0000] {logging_mixin.py:149} INFO - Fail works  !  
[2023-05-30T04:08:55.742+0000] {standard_task_runner.py:109} ERROR - Failed to execute job 78 for task send_email ([Errno 99] Cannot assign requested address; 259)
[2023-05-30T04:08:55.778+0000] {local_task_job_runner.py:225} INFO - Task exited with return code 1
[2023-05-30T04:08:55.808+0000] {taskinstance.py:2651} INFO - 0 downstream tasks scheduled from follow-on schedule check
