[2023-05-30T13:48:29.105+0000] {taskinstance.py:1103} INFO - Dependencies all met for dep_context=non-requeueable deps ti=<TaskInstance: birthday_email_dag.send_birthday_emails manual__2023-05-30T13:27:00.825480+00:00 [queued]>
[2023-05-30T13:48:29.121+0000] {taskinstance.py:1103} INFO - Dependencies all met for dep_context=requeueable deps ti=<TaskInstance: birthday_email_dag.send_birthday_emails manual__2023-05-30T13:27:00.825480+00:00 [queued]>
[2023-05-30T13:48:29.121+0000] {taskinstance.py:1308} INFO - Starting attempt 4 of 4
[2023-05-30T13:48:29.149+0000] {taskinstance.py:1327} INFO - Executing <Task(PythonOperator): send_birthday_emails> on 2023-05-30 13:27:00.825480+00:00
[2023-05-30T13:48:29.155+0000] {standard_task_runner.py:57} INFO - Started process 253 to run task
[2023-05-30T13:48:29.160+0000] {standard_task_runner.py:84} INFO - Running: ['airflow', 'tasks', 'run', 'birthday_email_dag', 'send_birthday_emails', 'manual__2023-05-30T13:27:00.825480+00:00', '--job-id', '186', '--raw', '--subdir', 'DAGS_FOLDER/birthday_dag.py', '--cfg-path', '/tmp/tmp_h3hqze2']
[2023-05-30T13:48:29.162+0000] {standard_task_runner.py:85} INFO - Job 186: Subtask send_birthday_emails
[2023-05-30T13:48:29.241+0000] {task_command.py:410} INFO - Running <TaskInstance: birthday_email_dag.send_birthday_emails manual__2023-05-30T13:27:00.825480+00:00 [running]> on host b2bf106eeaed
[2023-05-30T13:48:29.439+0000] {taskinstance.py:1547} INFO - Exporting env vars: AIRFLOW_CTX_DAG_OWNER='airflow' AIRFLOW_CTX_DAG_ID='birthday_email_dag' AIRFLOW_CTX_TASK_ID='send_birthday_emails' AIRFLOW_CTX_EXECUTION_DATE='2023-05-30T13:27:00.825480+00:00' AIRFLOW_CTX_TRY_NUMBER='4' AIRFLOW_CTX_DAG_RUN_ID='manual__2023-05-30T13:27:00.825480+00:00'
[2023-05-30T13:48:29.441+0000] {sql.py:262} INFO - Executing: SELECT employee_email, employee_name FROM employee WHERE DATE_FORMAT(employee_date_of_birth, '%m-%d') = DATE_FORMAT(NOW(), '%m-%d')
[2023-05-30T13:48:29.456+0000] {base.py:73} INFO - Using connection ID 'hrms' for task execution.
[2023-05-30T13:48:29.664+0000] {base.py:73} INFO - Using connection ID 'hrms' for task execution.
[2023-05-30T13:48:29.670+0000] {sql.py:375} INFO - Running statement: SELECT employee_email, employee_name FROM employee WHERE DATE_FORMAT(employee_date_of_birth, '%m-%d') = DATE_FORMAT(NOW(), '%m-%d'), parameters: None
[2023-05-30T13:48:29.674+0000] {sql.py:384} INFO - Rows affected: 2
[2023-05-30T13:48:29.676+0000] {taskinstance.py:1824} ERROR - Task failed with exception
Traceback (most recent call last):
  File "/home/airflow/.local/lib/python3.7/site-packages/airflow/operators/python.py", line 181, in execute
    return_value = self.execute_callable()
  File "/home/airflow/.local/lib/python3.7/site-packages/airflow/operators/python.py", line 198, in execute_callable
    return self.python_callable(*self.op_args, **self.op_kwargs)
  File "/opt/airflow/dags/birthday_dag.py", line 40, in send_birthday_emails
    with open('/usr/local/airflow/dags/Birthday_template.html', 'r') as template_file:
FileNotFoundError: [Errno 2] No such file or directory: '/usr/local/airflow/dags/Birthday_template.html'
[2023-05-30T13:48:29.689+0000] {taskinstance.py:1350} INFO - Marking task as FAILED. dag_id=birthday_email_dag, task_id=send_birthday_emails, execution_date=20230530T132700, start_date=20230530T134829, end_date=20230530T134829
[2023-05-30T13:48:29.725+0000] {standard_task_runner.py:109} ERROR - Failed to execute job 186 for task send_birthday_emails ([Errno 2] No such file or directory: '/usr/local/airflow/dags/Birthday_template.html'; 253)
[2023-05-30T13:48:29.739+0000] {local_task_job_runner.py:225} INFO - Task exited with return code 1
[2023-05-30T13:48:29.822+0000] {taskinstance.py:2651} INFO - 0 downstream tasks scheduled from follow-on schedule check
