[2023-05-30T13:26:58.126+0000] {taskinstance.py:1103} INFO - Dependencies all met for dep_context=non-requeueable deps ti=<TaskInstance: birthday_email_dag.send_birthday_emails manual__2023-05-30T13:26:55.872312+00:00 [queued]>
[2023-05-30T13:26:58.142+0000] {taskinstance.py:1103} INFO - Dependencies all met for dep_context=requeueable deps ti=<TaskInstance: birthday_email_dag.send_birthday_emails manual__2023-05-30T13:26:55.872312+00:00 [queued]>
[2023-05-30T13:26:58.143+0000] {taskinstance.py:1308} INFO - Starting attempt 1 of 1
[2023-05-30T13:26:58.173+0000] {taskinstance.py:1327} INFO - Executing <Task(PythonOperator): send_birthday_emails> on 2023-05-30 13:26:55.872312+00:00
[2023-05-30T13:26:58.180+0000] {standard_task_runner.py:57} INFO - Started process 596 to run task
[2023-05-30T13:26:58.184+0000] {standard_task_runner.py:84} INFO - Running: ['airflow', 'tasks', 'run', 'birthday_email_dag', 'send_birthday_emails', 'manual__2023-05-30T13:26:55.872312+00:00', '--job-id', '177', '--raw', '--subdir', 'DAGS_FOLDER/birthday_dag.py', '--cfg-path', '/tmp/tmpqcfmu8ac']
[2023-05-30T13:26:58.187+0000] {standard_task_runner.py:85} INFO - Job 177: Subtask send_birthday_emails
[2023-05-30T13:26:58.303+0000] {task_command.py:410} INFO - Running <TaskInstance: birthday_email_dag.send_birthday_emails manual__2023-05-30T13:26:55.872312+00:00 [running]> on host 014b75236497
[2023-05-30T13:26:58.517+0000] {taskinstance.py:1547} INFO - Exporting env vars: AIRFLOW_CTX_DAG_OWNER='airflow' AIRFLOW_CTX_DAG_ID='birthday_email_dag' AIRFLOW_CTX_TASK_ID='send_birthday_emails' AIRFLOW_CTX_EXECUTION_DATE='2023-05-30T13:26:55.872312+00:00' AIRFLOW_CTX_TRY_NUMBER='1' AIRFLOW_CTX_DAG_RUN_ID='manual__2023-05-30T13:26:55.872312+00:00'
[2023-05-30T13:26:58.519+0000] {sql.py:262} INFO - Executing: SELECT employee_email, employee_name FROM employee WHERE DATE_FORMAT(employee_date_of_birth, '%m-%d') = DATE_FORMAT(NOW(), '%m-%d')
[2023-05-30T13:26:58.534+0000] {base.py:73} INFO - Using connection ID 'hrms' for task execution.
[2023-05-30T13:26:58.746+0000] {base.py:73} INFO - Using connection ID 'hrms' for task execution.
[2023-05-30T13:26:58.752+0000] {sql.py:375} INFO - Running statement: SELECT employee_email, employee_name FROM employee WHERE DATE_FORMAT(employee_date_of_birth, '%m-%d') = DATE_FORMAT(NOW(), '%m-%d'), parameters: None
[2023-05-30T13:26:58.754+0000] {sql.py:384} INFO - Rows affected: 2
[2023-05-30T13:26:58.755+0000] {taskinstance.py:1824} ERROR - Task failed with exception
Traceback (most recent call last):
  File "/home/airflow/.local/lib/python3.7/site-packages/airflow/operators/python.py", line 181, in execute
    return_value = self.execute_callable()
  File "/home/airflow/.local/lib/python3.7/site-packages/airflow/operators/python.py", line 198, in execute_callable
    return self.python_callable(*self.op_args, **self.op_kwargs)
  File "/opt/airflow/dags/birthday_dag.py", line 30, in send_birthday_emails
    with open('/home/dsaidthimmareddy/Desktop/airflow_hrms/dags/Birthday_template.html', 'r') as template_file:
FileNotFoundError: [Errno 2] No such file or directory: '/home/dsaidthimmareddy/Desktop/airflow_hrms/dags/Birthday_template.html'
[2023-05-30T13:26:58.768+0000] {taskinstance.py:1350} INFO - Marking task as FAILED. dag_id=birthday_email_dag, task_id=send_birthday_emails, execution_date=20230530T132655, start_date=20230530T132658, end_date=20230530T132658
[2023-05-30T13:26:58.790+0000] {standard_task_runner.py:109} ERROR - Failed to execute job 177 for task send_birthday_emails ([Errno 2] No such file or directory: '/home/dsaidthimmareddy/Desktop/airflow_hrms/dags/Birthday_template.html'; 596)
[2023-05-30T13:26:58.837+0000] {local_task_job_runner.py:225} INFO - Task exited with return code 1
[2023-05-30T13:26:58.869+0000] {taskinstance.py:2651} INFO - 0 downstream tasks scheduled from follow-on schedule check
