[2023-05-30T13:21:14.236+0000] {taskinstance.py:1103} INFO - Dependencies all met for dep_context=non-requeueable deps ti=<TaskInstance: birthday_email_dag.send_birthday_emails scheduled__2023-05-29T00:00:00+00:00 [queued]>
[2023-05-30T13:21:14.249+0000] {taskinstance.py:1103} INFO - Dependencies all met for dep_context=requeueable deps ti=<TaskInstance: birthday_email_dag.send_birthday_emails scheduled__2023-05-29T00:00:00+00:00 [queued]>
[2023-05-30T13:21:14.249+0000] {taskinstance.py:1308} INFO - Starting attempt 2 of 2
[2023-05-30T13:21:14.279+0000] {taskinstance.py:1327} INFO - Executing <Task(PythonOperator): send_birthday_emails> on 2023-05-29 00:00:00+00:00
[2023-05-30T13:21:14.285+0000] {standard_task_runner.py:57} INFO - Started process 222 to run task
[2023-05-30T13:21:14.290+0000] {standard_task_runner.py:84} INFO - Running: ['airflow', 'tasks', 'run', 'birthday_email_dag', 'send_birthday_emails', 'scheduled__2023-05-29T00:00:00+00:00', '--job-id', '175', '--raw', '--subdir', 'DAGS_FOLDER/birthday_dag.py', '--cfg-path', '/tmp/tmpxzj_e54z']
[2023-05-30T13:21:14.296+0000] {standard_task_runner.py:85} INFO - Job 175: Subtask send_birthday_emails
[2023-05-30T13:21:14.378+0000] {task_command.py:410} INFO - Running <TaskInstance: birthday_email_dag.send_birthday_emails scheduled__2023-05-29T00:00:00+00:00 [running]> on host 014b75236497
[2023-05-30T13:21:14.515+0000] {taskinstance.py:1547} INFO - Exporting env vars: AIRFLOW_CTX_DAG_OWNER='airflow' AIRFLOW_CTX_DAG_ID='birthday_email_dag' AIRFLOW_CTX_TASK_ID='send_birthday_emails' AIRFLOW_CTX_EXECUTION_DATE='2023-05-29T00:00:00+00:00' AIRFLOW_CTX_TRY_NUMBER='2' AIRFLOW_CTX_DAG_RUN_ID='scheduled__2023-05-29T00:00:00+00:00'
[2023-05-30T13:21:14.517+0000] {sql.py:262} INFO - Executing: SELECT employee_email, employee_name FROM employee WHERE DATE_FORMAT(employee_date_of_birth, '%m-%d') = DATE_FORMAT(NOW(), '%m-%d')
[2023-05-30T13:21:14.530+0000] {base.py:73} INFO - Using connection ID 'hrms' for task execution.
[2023-05-30T13:21:14.769+0000] {base.py:73} INFO - Using connection ID 'hrms' for task execution.
[2023-05-30T13:21:14.774+0000] {sql.py:375} INFO - Running statement: SELECT employee_email, employee_name FROM employee WHERE DATE_FORMAT(employee_date_of_birth, '%m-%d') = DATE_FORMAT(NOW(), '%m-%d'), parameters: None
[2023-05-30T13:21:14.777+0000] {sql.py:384} INFO - Rows affected: 2
[2023-05-30T13:21:14.779+0000] {taskinstance.py:1824} ERROR - Task failed with exception
Traceback (most recent call last):
  File "/home/airflow/.local/lib/python3.7/site-packages/airflow/operators/python.py", line 181, in execute
    return_value = self.execute_callable()
  File "/home/airflow/.local/lib/python3.7/site-packages/airflow/operators/python.py", line 198, in execute_callable
    return self.python_callable(*self.op_args, **self.op_kwargs)
  File "/opt/airflow/dags/birthday_dag.py", line 30, in send_birthday_emails
    with open('/home/dsaidthimmareddy/Desktop/airflow_hrms/dags/Birthday_template.html', 'r') as template_file:
FileNotFoundError: [Errno 2] No such file or directory: '/home/dsaidthimmareddy/Desktop/airflow_hrms/dags/Birthday_template.html'
[2023-05-30T13:21:14.790+0000] {taskinstance.py:1350} INFO - Marking task as FAILED. dag_id=birthday_email_dag, task_id=send_birthday_emails, execution_date=20230529T000000, start_date=20230530T132114, end_date=20230530T132114
[2023-05-30T13:21:14.810+0000] {standard_task_runner.py:109} ERROR - Failed to execute job 175 for task send_birthday_emails ([Errno 2] No such file or directory: '/home/dsaidthimmareddy/Desktop/airflow_hrms/dags/Birthday_template.html'; 222)
[2023-05-30T13:21:14.824+0000] {local_task_job_runner.py:225} INFO - Task exited with return code 1
[2023-05-30T13:21:14.848+0000] {taskinstance.py:2651} INFO - 0 downstream tasks scheduled from follow-on schedule check
[2023-05-30T14:12:57.175+0000] {taskinstance.py:1103} INFO - Dependencies all met for dep_context=non-requeueable deps ti=<TaskInstance: birthday_email_dag.send_birthday_emails scheduled__2023-05-29T00:00:00+00:00 [queued]>
[2023-05-30T14:12:57.192+0000] {taskinstance.py:1103} INFO - Dependencies all met for dep_context=requeueable deps ti=<TaskInstance: birthday_email_dag.send_birthday_emails scheduled__2023-05-29T00:00:00+00:00 [queued]>
[2023-05-30T14:12:57.192+0000] {taskinstance.py:1308} INFO - Starting attempt 2 of 2
[2023-05-30T14:12:57.223+0000] {taskinstance.py:1327} INFO - Executing <Task(PythonOperator): send_birthday_emails> on 2023-05-29 00:00:00+00:00
[2023-05-30T14:12:57.228+0000] {standard_task_runner.py:57} INFO - Started process 222 to run task
[2023-05-30T14:12:57.233+0000] {standard_task_runner.py:84} INFO - Running: ['airflow', 'tasks', 'run', 'birthday_email_dag', 'send_birthday_emails', 'scheduled__2023-05-29T00:00:00+00:00', '--job-id', '195', '--raw', '--subdir', 'DAGS_FOLDER/birthday_dag.py', '--cfg-path', '/tmp/tmp091cdvs3']
[2023-05-30T14:12:57.235+0000] {standard_task_runner.py:85} INFO - Job 195: Subtask send_birthday_emails
[2023-05-30T14:12:57.328+0000] {task_command.py:410} INFO - Running <TaskInstance: birthday_email_dag.send_birthday_emails scheduled__2023-05-29T00:00:00+00:00 [running]> on host ed3839b339e7
[2023-05-30T14:12:57.465+0000] {taskinstance.py:1547} INFO - Exporting env vars: AIRFLOW_CTX_DAG_OWNER='airflow' AIRFLOW_CTX_DAG_ID='birthday_email_dag' AIRFLOW_CTX_TASK_ID='send_birthday_emails' AIRFLOW_CTX_EXECUTION_DATE='2023-05-29T00:00:00+00:00' AIRFLOW_CTX_TRY_NUMBER='2' AIRFLOW_CTX_DAG_RUN_ID='scheduled__2023-05-29T00:00:00+00:00'
[2023-05-30T14:12:57.468+0000] {sql.py:262} INFO - Executing: SELECT employee_email, employee_name FROM employee WHERE DATE_FORMAT(employee_date_of_birth, '%m-%d') = DATE_FORMAT(NOW(), '%m-%d')
[2023-05-30T14:12:57.481+0000] {base.py:73} INFO - Using connection ID 'hrms' for task execution.
[2023-05-30T14:12:57.618+0000] {base.py:73} INFO - Using connection ID 'hrms' for task execution.
[2023-05-30T14:12:57.622+0000] {sql.py:375} INFO - Running statement: SELECT employee_email, employee_name FROM employee WHERE DATE_FORMAT(employee_date_of_birth, '%m-%d') = DATE_FORMAT(NOW(), '%m-%d'), parameters: None
[2023-05-30T14:12:57.626+0000] {sql.py:384} INFO - Rows affected: 2
[2023-05-30T14:12:57.627+0000] {taskinstance.py:1824} ERROR - Task failed with exception
Traceback (most recent call last):
  File "/home/airflow/.local/lib/python3.7/site-packages/airflow/operators/python.py", line 181, in execute
    return_value = self.execute_callable()
  File "/home/airflow/.local/lib/python3.7/site-packages/airflow/operators/python.py", line 198, in execute_callable
    return self.python_callable(*self.op_args, **self.op_kwargs)
  File "/opt/airflow/dags/birthday_dag.py", line 72, in send_birthday_emails
    """.format(employee_name=employee_name)
KeyError: '\n                        background-image'
[2023-05-30T14:12:57.637+0000] {taskinstance.py:1350} INFO - Marking task as FAILED. dag_id=birthday_email_dag, task_id=send_birthday_emails, execution_date=20230529T000000, start_date=20230530T141257, end_date=20230530T141257
[2023-05-30T14:12:57.660+0000] {standard_task_runner.py:109} ERROR - Failed to execute job 195 for task send_birthday_emails ('\n                        background-image'; 222)
[2023-05-30T14:12:57.685+0000] {local_task_job_runner.py:225} INFO - Task exited with return code 1
[2023-05-30T14:12:57.714+0000] {taskinstance.py:2651} INFO - 0 downstream tasks scheduled from follow-on schedule check
