[2023-05-30T15:53:20.000+0000] {taskinstance.py:1103} INFO - Dependencies all met for dep_context=non-requeueable deps ti=<TaskInstance: birthday_email_dag.send_birthday_emails scheduled__2023-05-29T00:00:00+00:00 [queued]>
[2023-05-30T15:53:20.046+0000] {taskinstance.py:1103} INFO - Dependencies all met for dep_context=requeueable deps ti=<TaskInstance: birthday_email_dag.send_birthday_emails scheduled__2023-05-29T00:00:00+00:00 [queued]>
[2023-05-30T15:53:20.046+0000] {taskinstance.py:1308} INFO - Starting attempt 20 of 20
[2023-05-30T15:53:20.088+0000] {taskinstance.py:1327} INFO - Executing <Task(PythonOperator): send_birthday_emails> on 2023-05-29 00:00:00+00:00
[2023-05-30T15:53:20.095+0000] {standard_task_runner.py:57} INFO - Started process 390 to run task
[2023-05-30T15:53:20.100+0000] {standard_task_runner.py:84} INFO - Running: ['airflow', 'tasks', 'run', 'birthday_email_dag', 'send_birthday_emails', 'scheduled__2023-05-29T00:00:00+00:00', '--job-id', '227', '--raw', '--subdir', 'DAGS_FOLDER/birthday_dag.py', '--cfg-path', '/tmp/tmpn34hx9ql']
[2023-05-30T15:53:20.104+0000] {standard_task_runner.py:85} INFO - Job 227: Subtask send_birthday_emails
[2023-05-30T15:53:20.234+0000] {task_command.py:410} INFO - Running <TaskInstance: birthday_email_dag.send_birthday_emails scheduled__2023-05-29T00:00:00+00:00 [running]> on host fa0e4a257132
[2023-05-30T15:53:20.512+0000] {taskinstance.py:1547} INFO - Exporting env vars: AIRFLOW_CTX_DAG_OWNER='airflow' AIRFLOW_CTX_DAG_ID='birthday_email_dag' AIRFLOW_CTX_TASK_ID='send_birthday_emails' AIRFLOW_CTX_EXECUTION_DATE='2023-05-29T00:00:00+00:00' AIRFLOW_CTX_TRY_NUMBER='20' AIRFLOW_CTX_DAG_RUN_ID='scheduled__2023-05-29T00:00:00+00:00'
[2023-05-30T15:53:20.514+0000] {sql.py:262} INFO - Executing: SELECT employee_email, employee_name FROM employee WHERE DATE_FORMAT(employee_date_of_birth, '%m-%d') = DATE_FORMAT(NOW(), '%m-%d')
[2023-05-30T15:53:20.538+0000] {base.py:73} INFO - Using connection ID 'hrms' for task execution.
[2023-05-30T15:53:20.731+0000] {base.py:73} INFO - Using connection ID 'hrms' for task execution.
[2023-05-30T15:53:20.740+0000] {sql.py:375} INFO - Running statement: SELECT employee_email, employee_name FROM employee WHERE DATE_FORMAT(employee_date_of_birth, '%m-%d') = DATE_FORMAT(NOW(), '%m-%d'), parameters: None
[2023-05-30T15:53:20.741+0000] {sql.py:384} INFO - Rows affected: 2
[2023-05-30T15:53:20.743+0000] {taskinstance.py:1824} ERROR - Task failed with exception
Traceback (most recent call last):
  File "/home/airflow/.local/lib/python3.7/site-packages/airflow/operators/python.py", line 181, in execute
    return_value = self.execute_callable()
  File "/home/airflow/.local/lib/python3.7/site-packages/airflow/operators/python.py", line 198, in execute_callable
    return self.python_callable(*self.op_args, **self.op_kwargs)
  File "/opt/airflow/dags/birthday_dag.py", line 57, in send_birthday_emails
    """.format(image_path, employee_name=employee_name)
KeyError: 'image_path'
[2023-05-30T15:53:20.757+0000] {taskinstance.py:1350} INFO - Marking task as FAILED. dag_id=birthday_email_dag, task_id=send_birthday_emails, execution_date=20230529T000000, start_date=20230530T155320, end_date=20230530T155320
[2023-05-30T15:53:20.789+0000] {standard_task_runner.py:109} ERROR - Failed to execute job 227 for task send_birthday_emails ('image_path'; 390)
[2023-05-30T15:53:20.839+0000] {local_task_job_runner.py:225} INFO - Task exited with return code 1
[2023-05-30T15:53:20.888+0000] {taskinstance.py:2651} INFO - 0 downstream tasks scheduled from follow-on schedule check
