[2023-05-30T13:01:49.506+0000] {taskinstance.py:1103} INFO - Dependencies all met for dep_context=non-requeueable deps ti=<TaskInstance: birthday_email_dag.send_birthday_emails manual__2023-05-30T13:01:44.701768+00:00 [queued]>
[2023-05-30T13:01:49.521+0000] {taskinstance.py:1103} INFO - Dependencies all met for dep_context=requeueable deps ti=<TaskInstance: birthday_email_dag.send_birthday_emails manual__2023-05-30T13:01:44.701768+00:00 [queued]>
[2023-05-30T13:01:49.522+0000] {taskinstance.py:1308} INFO - Starting attempt 1 of 1
[2023-05-30T13:01:49.549+0000] {taskinstance.py:1327} INFO - Executing <Task(PythonOperator): send_birthday_emails> on 2023-05-30 13:01:44.701768+00:00
[2023-05-30T13:01:49.555+0000] {standard_task_runner.py:57} INFO - Started process 8602 to run task
[2023-05-30T13:01:49.560+0000] {standard_task_runner.py:84} INFO - Running: ['airflow', 'tasks', 'run', 'birthday_email_dag', 'send_birthday_emails', 'manual__2023-05-30T13:01:44.701768+00:00', '--job-id', '166', '--raw', '--subdir', 'DAGS_FOLDER/birthday_dag.py', '--cfg-path', '/tmp/tmpd82zmu_2']
[2023-05-30T13:01:49.562+0000] {standard_task_runner.py:85} INFO - Job 166: Subtask send_birthday_emails
[2023-05-30T13:01:49.647+0000] {task_command.py:410} INFO - Running <TaskInstance: birthday_email_dag.send_birthday_emails manual__2023-05-30T13:01:44.701768+00:00 [running]> on host ae77548e301d
[2023-05-30T13:01:49.877+0000] {taskinstance.py:1547} INFO - Exporting env vars: AIRFLOW_CTX_DAG_OWNER='airflow' AIRFLOW_CTX_DAG_ID='birthday_email_dag' AIRFLOW_CTX_TASK_ID='send_birthday_emails' AIRFLOW_CTX_EXECUTION_DATE='2023-05-30T13:01:44.701768+00:00' AIRFLOW_CTX_TRY_NUMBER='1' AIRFLOW_CTX_DAG_RUN_ID='manual__2023-05-30T13:01:44.701768+00:00'
[2023-05-30T13:01:49.880+0000] {sql.py:262} INFO - Executing: SELECT employee_email, employee_name FROM employee WHERE DATE_FORMAT(employee_date_of_birth, '%m-%d') = DATE_FORMAT(NOW(), '%m-%d')
[2023-05-30T13:01:49.908+0000] {base.py:73} INFO - Using connection ID 'hrms' for task execution.
[2023-05-30T13:01:50.130+0000] {base.py:73} INFO - Using connection ID 'hrms' for task execution.
[2023-05-30T13:01:50.135+0000] {sql.py:375} INFO - Running statement: SELECT employee_email, employee_name FROM employee WHERE DATE_FORMAT(employee_date_of_birth, '%m-%d') = DATE_FORMAT(NOW(), '%m-%d'), parameters: None
[2023-05-30T13:01:50.139+0000] {sql.py:384} INFO - Rows affected: 2
[2023-05-30T13:01:50.140+0000] {taskinstance.py:1824} ERROR - Task failed with exception
Traceback (most recent call last):
  File "/home/airflow/.local/lib/python3.7/site-packages/airflow/operators/python.py", line 181, in execute
    return_value = self.execute_callable()
  File "/home/airflow/.local/lib/python3.7/site-packages/airflow/operators/python.py", line 198, in execute_callable
    return self.python_callable(*self.op_args, **self.op_kwargs)
  File "/opt/airflow/dags/birthday_dag.py", line 30, in send_birthday_emails
    with open('./home/dsaidthimmareddy/Desktop/airflow_hrms/Birthday_template.html', 'r') as template_file:
FileNotFoundError: [Errno 2] No such file or directory: './home/dsaidthimmareddy/Desktop/airflow_hrms/Birthday_template.html'
[2023-05-30T13:01:50.151+0000] {taskinstance.py:1350} INFO - Marking task as FAILED. dag_id=birthday_email_dag, task_id=send_birthday_emails, execution_date=20230530T130144, start_date=20230530T130149, end_date=20230530T130150
[2023-05-30T13:01:50.178+0000] {standard_task_runner.py:109} ERROR - Failed to execute job 166 for task send_birthday_emails ([Errno 2] No such file or directory: './home/dsaidthimmareddy/Desktop/airflow_hrms/Birthday_template.html'; 8602)
[2023-05-30T13:01:50.213+0000] {local_task_job_runner.py:225} INFO - Task exited with return code 1
[2023-05-30T13:01:50.265+0000] {taskinstance.py:2651} INFO - 0 downstream tasks scheduled from follow-on schedule check
