[2023-05-30T13:07:05.803+0000] {taskinstance.py:1103} INFO - Dependencies all met for dep_context=non-requeueable deps ti=<TaskInstance: birthday_email_dag.send_birthday_emails manual__2023-05-30T13:01:44.701768+00:00 [queued]>
[2023-05-30T13:07:05.818+0000] {taskinstance.py:1103} INFO - Dependencies all met for dep_context=requeueable deps ti=<TaskInstance: birthday_email_dag.send_birthday_emails manual__2023-05-30T13:01:44.701768+00:00 [queued]>
[2023-05-30T13:07:05.818+0000] {taskinstance.py:1308} INFO - Starting attempt 2 of 2
[2023-05-30T13:07:05.848+0000] {taskinstance.py:1327} INFO - Executing <Task(PythonOperator): send_birthday_emails> on 2023-05-30 13:01:44.701768+00:00
[2023-05-30T13:07:05.856+0000] {standard_task_runner.py:57} INFO - Started process 8947 to run task
[2023-05-30T13:07:05.862+0000] {standard_task_runner.py:84} INFO - Running: ['airflow', 'tasks', 'run', 'birthday_email_dag', 'send_birthday_emails', 'manual__2023-05-30T13:01:44.701768+00:00', '--job-id', '168', '--raw', '--subdir', 'DAGS_FOLDER/birthday_dag.py', '--cfg-path', '/tmp/tmpu4nolbmz']
[2023-05-30T13:07:05.865+0000] {standard_task_runner.py:85} INFO - Job 168: Subtask send_birthday_emails
[2023-05-30T13:07:05.939+0000] {task_command.py:410} INFO - Running <TaskInstance: birthday_email_dag.send_birthday_emails manual__2023-05-30T13:01:44.701768+00:00 [running]> on host ae77548e301d
[2023-05-30T13:07:06.085+0000] {taskinstance.py:1547} INFO - Exporting env vars: AIRFLOW_CTX_DAG_OWNER='airflow' AIRFLOW_CTX_DAG_ID='birthday_email_dag' AIRFLOW_CTX_TASK_ID='send_birthday_emails' AIRFLOW_CTX_EXECUTION_DATE='2023-05-30T13:01:44.701768+00:00' AIRFLOW_CTX_TRY_NUMBER='2' AIRFLOW_CTX_DAG_RUN_ID='manual__2023-05-30T13:01:44.701768+00:00'
[2023-05-30T13:07:06.088+0000] {sql.py:262} INFO - Executing: SELECT employee_email, employee_name FROM employee WHERE DATE_FORMAT(employee_date_of_birth, '%m-%d') = DATE_FORMAT(NOW(), '%m-%d')
[2023-05-30T13:07:06.101+0000] {base.py:73} INFO - Using connection ID 'hrms' for task execution.
[2023-05-30T13:07:06.201+0000] {base.py:73} INFO - Using connection ID 'hrms' for task execution.
[2023-05-30T13:07:06.205+0000] {sql.py:375} INFO - Running statement: SELECT employee_email, employee_name FROM employee WHERE DATE_FORMAT(employee_date_of_birth, '%m-%d') = DATE_FORMAT(NOW(), '%m-%d'), parameters: None
[2023-05-30T13:07:06.206+0000] {sql.py:384} INFO - Rows affected: 2
[2023-05-30T13:07:06.207+0000] {taskinstance.py:1824} ERROR - Task failed with exception
Traceback (most recent call last):
  File "/home/airflow/.local/lib/python3.7/site-packages/airflow/operators/python.py", line 181, in execute
    return_value = self.execute_callable()
  File "/home/airflow/.local/lib/python3.7/site-packages/airflow/operators/python.py", line 198, in execute_callable
    return self.python_callable(*self.op_args, **self.op_kwargs)
  File "/opt/airflow/dags/birthday_dag.py", line 30, in send_birthday_emails
    with open('../Birthday_template.html', 'r') as template_file:
FileNotFoundError: [Errno 2] No such file or directory: '../Birthday_template.html'
[2023-05-30T13:07:06.218+0000] {taskinstance.py:1350} INFO - Marking task as FAILED. dag_id=birthday_email_dag, task_id=send_birthday_emails, execution_date=20230530T130144, start_date=20230530T130705, end_date=20230530T130706
[2023-05-30T13:07:06.244+0000] {standard_task_runner.py:109} ERROR - Failed to execute job 168 for task send_birthday_emails ([Errno 2] No such file or directory: '../Birthday_template.html'; 8947)
[2023-05-30T13:07:06.276+0000] {local_task_job_runner.py:225} INFO - Task exited with return code 1
[2023-05-30T13:07:06.340+0000] {taskinstance.py:2651} INFO - 0 downstream tasks scheduled from follow-on schedule check
